<?xml version="1.0" encoding="UTF-8"?>
<!-- Generated by org.testng.reporters.JUnitReportReporter -->
<testsuite hostname="DELL-PC" name="Scripts.Scenario_Search" tests="1" failures="0" timestamp="9 Dec 2017 06:32:38 GMT" time="11.380" errors="0">
  <testcase name="Search_validSearch" time="11.380" classname="Scripts.Scenario_Search"/>
</testsuite> <!-- Scripts.Scenario_Search -->
