<?xml version="1.0" encoding="UTF-8"?>
<!-- Generated by org.testng.reporters.JUnitReportReporter -->
<testsuite hostname="DELL-PC" name="Scripts.Scenario_Login" tests="1" failures="0" timestamp="9 Dec 2017 06:32:38 GMT" time="11.672" errors="0">
  <testcase name="Login_validLogin" time="11.672" classname="Scripts.Scenario_Login"/>
</testsuite> <!-- Scripts.Scenario_Login -->
