<?xml version="1.0" encoding="UTF-8"?>
<!-- Generated by org.testng.reporters.JUnitReportReporter -->
<testsuite hostname="DELL-PC" name="Scripts.Scenario_Search" tests="2" failures="0" timestamp="9 Dec 2017 07:47:01 GMT" time="14.774" errors="0">
  <testcase name="Search_validSearch" time="7.661" classname="Scripts.Scenario_Search"/>
  <testcase name="Search_invalidSearch" time="7.113" classname="Scripts.Scenario_Search"/>
</testsuite> <!-- Scripts.Scenario_Search -->
