<?xml version="1.0" encoding="UTF-8"?>
<!-- Generated by org.testng.reporters.JUnitReportReporter -->
<testsuite hostname="DELL-PC" name="Scripts.Scenario_Login" tests="3" failures="0" timestamp="9 Dec 2017 07:47:01 GMT" time="36.789" errors="0">
  <testcase name="Login_invalidLogin" time="14.604" classname="Scripts.Scenario_Login"/>
  <testcase name="Login_invalidLogin" time="11.152" classname="Scripts.Scenario_Login"/>
  <testcase name="Login_validLogin" time="11.033" classname="Scripts.Scenario_Login"/>
</testsuite> <!-- Scripts.Scenario_Login -->
